=========================================================================
Log Path: logs/log/20230516_173330.log
Program Path: D:/git/rexams-ll/rexamsll/HOWTO.Rmd
Working Directory: D:/git/rexams-ll/rexamsll
User Name: brigh
R Version: 4.1.3 (2022-03-10)
Machine: DESKTOP-F7BPKPT x86-64
Operating System: Windows 10 x64 build 19045
Base Packages: tools stats graphics grDevices utils datasets methods base Other
Packages: rexamsll_0.2.2 imager_0.42.13 magrittr_2.0.2 logr_1.3.3 exams_2.3-6
Log Start Time: 2023-05-16 17:33:31
=========================================================================

=========================================================================
Downloading Google Sheet to temporary .xlsx file.
=========================================================================

Directory 'Example' created.

Found Sheet at
https://docs.google.com/spreadsheets/d/1NCWf1bGPA5TzUtXjM4PmfT-lhJC2FF5cRHxtD5Rczk0/edit#gid=0

Saved Sheet data to 'Example/temp.xlsx'.

=========================================================================
Loading question data from .xlsx file.
=========================================================================

Loaded data from 'Example/temp.xlsx'.

Found 2 sheets in this file:
- Sheet1
- Sheet2
Error in rexamsll:::validate_df(df) : Missing columns: image
Traceback:
6: stop(sprintf("Missing columns: %s", paste0(req_cols[!req_cols %in% 
       colnames(df)], collapse = ", ")))
5: rexamsll:::validate_df(df)
4: rexamsll::xlsx2rmd(xlsx_file, output_dir, sheet = sheet, log_file = log_file)
3: tryCatchList(expr, classes, parentenv, handlers)
2: tryCatch(rexamsll::xlsx2rmd(xlsx_file, output_dir, sheet = sheet, 
       log_file = log_file), finally = {
       unlink(xlsx_file)
       end_logs()
   })
1: google2rmd("https://docs.google.com/spreadsheets/d/1NCWf1bGPA5TzUtXjM4PmfT-lhJC2FF5cRHxtD5Rczk0/edit#gid=0", 
       "Example")

=========================================================================
Log End Time: 2023-05-16 17:33:40
Log Elapsed Time: 0 00:00:09
=========================================================================
