=========================================================================
Log Path: logs/log/20230518_134906.log
Program Path: D:/git/rexams-ll/rexamsll/HOWTO.Rmd
Working Directory: D:/git/rexams-ll/rexamsll
User Name: brigh
R Version: 4.1.3 (2022-03-10)
Machine: DESKTOP-F7BPKPT x86-64
Operating System: Windows 10 x64 build 19045
Base Packages: tools stats graphics grDevices utils datasets methods base Other
Packages: rexamsll_0.2.2 imager_0.42.19 magrittr_2.0.2 logr_1.3.3 exams_2.4-0
devtools_2.4.4 usethis_2.1.6
Log Start Time: 2023-05-18 13:49:07
=========================================================================

=========================================================================
Downloading Google Sheet to temporary .xlsx file.
=========================================================================

Error in loadNamespace(j <- i[[1L]], c(lib.loc, .libPaths()), versionCheck =
vI[[j]]) : namespace 'purrr' 0.3.4 is already loaded, but >= 1.0.1 is required
Traceback:
6: stop(gettextf("namespace %s %s is already loaded, but %s %s is required", 
       sQuote(package), current, zop, zversion), domain = NA)
5: loadNamespace(j <- i[[1L]], c(lib.loc, .libPaths()), versionCheck = vI[[j]])
4: asNamespace(ns)
3: namespaceImportFrom(ns, loadNamespace(j <- i[[1L]], c(lib.loc, 
       .libPaths()), versionCheck = vI[[j]]), i[[2L]], from = package)
2: loadNamespace(x)
1: google2rmd("https://docs.google.com/spreadsheets/d/1NCWf1bGPA5TzUtXjM4PmfT-lhJC2FF5cRHxtD5Rczk0/edit#gid=0", 
       "Example")

=========================================================================
Log End Time: 2023-05-18 13:49:07
Log Elapsed Time: 0 00:00:00
=========================================================================
